# JRE version: OpenJDK Runtime Environment (7.0_65-b32) (build 1.7.0_65-b32)
# Java VM: OpenJDK Client VM (24.65-b04 mixed mode, sharing linux-x86 )
Heap
 def new generation   total 4800K, used 4047K [0x50000000, 0x50530000, 0x64d50000)
  eden space 4288K,  82% used [0x50000000, 0x50373f40, 0x50430000)
  from space 512K,  99% used [0x50430000, 0x504afff8, 0x504b0000)
  to   space 512K,   0% used [0x504b0000, 0x504b0000, 0x50530000)
 tenured generation   total 10752K, used 6394K [0x64d50000, 0x657d0000, 0x8e800000)
   the space 10752K,  59% used [0x64d50000, 0x6538e9c0, 0x6538ea00, 0x657d0000)
 compacting perm gen  total 13312K, used 13070K [0x8e800000, 0x8f500000, 0x92800000)
   the space 13312K,  98% used [0x8e800000, 0x8f4c38e8, 0x8f4c3a00, 0x8f500000)
    ro space 10240K,  58% used [0x92800000, 0x92ddfac0, 0x92ddfc00, 0x93200000)
    rw space 12288K,  59% used [0x93200000, 0x93927508, 0x93927600, 0x93e00000)
GC Heap History (10 events):
Event: 45.802 GC heap before
{Heap before GC invocations=41 (full 0):
 def new generation   total 4800K, used 4674K [0x50000000, 0x50530000, 0x64d50000)
  eden space 4288K, 100% used [0x50000000, 0x50430000, 0x50430000)
  from space 512K,  75% used [0x504b0000, 0x50510b38, 0x50530000)
  to   space 512K,   0% used [0x50430000, 0x50430000, 0x504b0000)
 tenured generation   total 10752K, used 5895K [0x64d50000, 0x657d0000, 0x8e800000)
   the space 10752K,  54% used [0x64d50000, 0x65311ca8, 0x65311e00, 0x657d0000)
 compacting perm gen  total 12288K, used 12030K [0x8e800000, 0x8f400000, 0x92800000)
   the space 12288K,  97% used [0x8e800000, 0x8f3bfb58, 0x8f3bfc00, 0x8f400000)
    ro space 10240K,  58% used [0x92800000, 0x92ddfac0, 0x92ddfc00, 0x93200000)
    rw space 12288K,  59% used [0x93200000, 0x93927508, 0x93927600, 0x93e00000)
Event: 45.804 GC heap after
Heap after GC invocations=42 (full 0):
 def new generation   total 4800K, used 302K [0x50000000, 0x50530000, 0x64d50000)
  eden space 4288K,   0% used [0x50000000, 0x50000000, 0x50430000)
  from space 512K,  59% used [0x50430000, 0x5047bab8, 0x504b0000)
  to   space 512K,   0% used [0x504b0000, 0x504b0000, 0x50530000)
 tenured generation   total 10752K, used 6039K [0x64d50000, 0x657d0000, 0x8e800000)
   the space 10752K,  56% used [0x64d50000, 0x65335ed8, 0x65336000, 0x657d0000)
 compacting perm gen  total 12288K, used 12030K [0x8e800000, 0x8f400000, 0x92800000)
   the space 12288K,  97% used [0x8e800000, 0x8f3bfb58, 0x8f3bfc00, 0x8f400000)
    ro space 10240K,  58% used [0x92800000, 0x92ddfac0, 0x92ddfc00, 0x93200000)
    rw space 12288K,  59% used [0x93200000, 0x93927508, 0x93927600, 0x93e00000)
}
Event: 45.918 GC heap before
{Heap before GC invocations=42 (full 0):
 def new generation   total 4800K, used 4590K [0x50000000, 0x50530000, 0x64d50000)
  eden space 4288K, 100% used [0x50000000, 0x50430000, 0x50430000)
  from space 512K,  59% used [0x50430000, 0x5047bab8, 0x504b0000)
  to   space 512K,   0% used [0x504b0000, 0x504b0000, 0x50530000)
 tenured generation   total 10752K, used 6039K [0x64d50000, 0x657d0000, 0x8e800000)
   the space 10752K,  56% used [0x64d50000, 0x65335ed8, 0x65336000, 0x657d0000)
 compacting perm gen  total 12288K, used 12267K [0x8e800000, 0x8f400000, 0x92800000)
   the space 12288K,  99% used [0x8e800000, 0x8f3faf90, 0x8f3fb000, 0x8f400000)
    ro space 10240K,  58% used [0x92800000, 0x92ddfac0, 0x92ddfc00, 0x93200000)
    rw space 12288K,  59% used [0x93200000, 0x93927508, 0x93927600, 0x93e00000)
Event: 45.920 GC heap after
Heap after GC invocations=43 (full 0):
 def new generation   total 4800K, used 321K [0x50000000, 0x50530000, 0x64d50000)
  eden space 4288K,   0% used [0x50000000, 0x50000000, 0x50430000)
  from space 512K,  62% used [0x504b0000, 0x50500520, 0x50530000)
  to   space 512K,   0% used [0x50430000, 0x50430000, 0x504b0000)
 tenured generation   total 10752K, used 6104K [0x64d50000, 0x657d0000, 0x8e800000)
   the space 10752K,  56% used [0x64d50000, 0x653462b0, 0x65346400, 0x657d0000)
 compacting perm gen  total 12288K, used 12267K [0x8e800000, 0x8f400000, 0x92800000)
   the space 12288K,  99% used [0x8e800000, 0x8f3faf90, 0x8f3fb000, 0x8f400000)
    ro space 10240K,  58% used [0x92800000, 0x92ddfac0, 0x92ddfc00, 0x93200000)
    rw space 12288K,  59% used [0x93200000, 0x93927508, 0x93927600, 0x93e00000)
}
Event: 45.984 GC heap before
{Heap before GC invocations=43 (full 0):
 def new generation   total 4800K, used 4609K [0x50000000, 0x50530000, 0x64d50000)
  eden space 4288K, 100% used [0x50000000, 0x50430000, 0x50430000)
  from space 512K,  62% used [0x504b0000, 0x50500520, 0x50530000)
  to   space 512K,   0% used [0x50430000, 0x50430000, 0x504b0000)
 tenured generation   total 10752K, used 6104K [0x64d50000, 0x657d0000, 0x8e800000)
   the space 10752K,  56% used [0x64d50000, 0x653462b0, 0x65346400, 0x657d0000)
 compacting perm gen  total 12544K, used 12396K [0x8e800000, 0x8f440000, 0x92800000)
   the space 12544K,  98% used [0x8e800000, 0x8f41b0b8, 0x8f41b200, 0x8f440000)
    ro space 10240K,  58% used [0x92800000, 0x92ddfac0, 0x92ddfc00, 0x93200000)
    rw space 12288K,  59% used [0x93200000, 0x93927508, 0x93927600, 0x93e00000)
Event: 45.985 GC heap after
Heap after GC invocations=44 (full 0):
 def new generation   total 4800K, used 200K [0x50000000, 0x50530000, 0x64d50000)
  eden space 4288K,   0% used [0x50000000, 0x50000000, 0x50430000)
  from space 512K,  39% used [0x50430000, 0x504622a8, 0x504b0000)
  to   space 512K,   0% used [0x504b0000, 0x504b0000, 0x50530000)
 tenured generation   total 10752K, used 6155K [0x64d50000, 0x657d0000, 0x8e800000)
   the space 10752K,  57% used [0x64d50000, 0x65352d08, 0x65352e00, 0x657d0000)
 compacting perm gen  total 12544K, used 12396K [0x8e800000, 0x8f440000, 0x92800000)
   the space 12544K,  98% used [0x8e800000, 0x8f41b0b8, 0x8f41b200, 0x8f440000)
    ro space 10240K,  58% used [0x92800000, 0x92ddfac0, 0x92ddfc00, 0x93200000)
    rw space 12288K,  59% used [0x93200000, 0x93927508, 0x93927600, 0x93e00000)
}
Event: 46.545 GC heap before
{Heap before GC invocations=44 (full 0):
 def new generation   total 4800K, used 4488K [0x50000000, 0x50530000, 0x64d50000)
  eden space 4288K, 100% used [0x50000000, 0x50430000, 0x50430000)
  from space 512K,  39% used [0x50430000, 0x504622a8, 0x504b0000)
  to   space 512K,   0% used [0x504b0000, 0x504b0000, 0x50530000)
 tenured generation   total 10752K, used 6155K [0x64d50000, 0x657d0000, 0x8e800000)
   the space 10752K,  57% used [0x64d50000, 0x65352d08, 0x65352e00, 0x657d0000)
 compacting perm gen  total 12544K, used 12484K [0x8e800000, 0x8f440000, 0x92800000)
   the space 12544K,  99% used [0x8e800000, 0x8f4310d0, 0x8f431200, 0x8f440000)
    ro space 10240K,  58% used [0x92800000, 0x92ddfac0, 0x92ddfc00, 0x93200000)
    rw space 12288K,  59% used [0x93200000, 0x93927508, 0x93927600, 0x93e00000)
Event: 46.548 GC heap after
Heap after GC invocations=45 (full 0):
 def new generation   total 4800K, used 240K [0x50000000, 0x50530000, 0x64d50000)
  eden space 4288K,   0% used [0x50000000, 0x50000000, 0x50430000)
  from space 512K,  46% used [0x504b0000, 0x504ec200, 0x50530000)
  to   space 512K,   0% used [0x50430000, 0x50430000, 0x504b0000)
 tenured generation   total 10752K, used 6155K [0x64d50000, 0x657d0000, 0x8e800000)
   the space 10752K,  57% used [0x64d50000, 0x65352d08, 0x65352e00, 0x657d0000)
 compacting perm gen  total 12544K, used 12484K [0x8e800000, 0x8f440000, 0x92800000)
   the space 12544K,  99% used [0x8e800000, 0x8f4310d0, 0x8f431200, 0x8f440000)
    ro space 10240K,  58% used [0x92800000, 0x92ddfac0, 0x92ddfc00, 0x93200000)
    rw space 12288K,  59% used [0x93200000, 0x93927508, 0x93927600, 0x93e00000)
}
Event: 48.422 GC heap before
{Heap before GC invocations=45 (full 0):
 def new generation   total 4800K, used 4528K [0x50000000, 0x50530000, 0x64d50000)
  eden space 4288K, 100% used [0x50000000, 0x50430000, 0x50430000)
  from space 512K,  46% used [0x504b0000, 0x504ec200, 0x50530000)
  to   space 512K,   0% used [0x50430000, 0x50430000, 0x504b0000)
 tenured generation   total 10752K, used 6155K [0x64d50000, 0x657d0000, 0x8e800000)
   the space 10752K,  57% used [0x64d50000, 0x65352d08, 0x65352e00, 0x657d0000)
 compacting perm gen  total 13056K, used 12864K [0x8e800000, 0x8f4c0000, 0x92800000)
   the space 13056K,  98% used [0x8e800000, 0x8f490078, 0x8f490200, 0x8f4c0000)
    ro space 10240K,  58% used [0x92800000, 0x92ddfac0, 0x92ddfc00, 0x93200000)
    rw space 12288K,  59% used [0x93200000, 0x93927508, 0x93927600, 0x93e00000)
Event: 48.425 GC heap after
Heap after GC invocations=46 (full 0):
 def new generation   total 4800K, used 511K [0x50000000, 0x50530000, 0x64d50000)
  eden space 4288K,   0% used [0x50000000, 0x50000000, 0x50430000)
  from space 512K,  99% used [0x50430000, 0x504afff8, 0x504b0000)
  to   space 512K,   0% used [0x504b0000, 0x504b0000, 0x50530000)
 tenured generation   total 10752K, used 6394K [0x64d50000, 0x657d0000, 0x8e800000)
   the space 10752K,  59% used [0x64d50000, 0x6538e9c0, 0x6538ea00, 0x657d0000)
 compacting perm gen  total 13056K, used 12864K [0x8e800000, 0x8f4c0000, 0x92800000)
   the space 13056K,  98% used [0x8e800000, 0x8f490078, 0x8f490200, 0x8f4c0000)
    ro space 10240K,  58% used [0x92800000, 0x92ddfac0, 0x92ddfc00, 0x93200000)
    rw space 12288K,  59% used [0x93200000, 0x93927508, 0x93927600, 0x93e00000)
}

